<?xml version="1.0" encoding="UTF-8"?>
<testsuite xmlns:xsi="http://www.w3.org/2001/XMLSchema-instance" xsi:noNamespaceSchemaLocation="https://maven.apache.org/surefire/maven-surefire-plugin/xsd/surefire-test-report.xsd" version="3.0.2" name="com.example.banktraining.BankTrainingApplicationTests" time="5.301" tests="1" errors="0" skipped="0" failures="0">
  <properties>
[...]
</properties>
  <testcase name="contextLoads" classname="com.example.banktraining.BankTrainingApplicationTests" time="0.601">
    <system-out><![CDATA[11:22:12.208 [main] INFO org.springframework.test.context.support.AnnotationConfigContextLoaderUtils -- Could not detect default configuration classes for test class [com.example.banktraining.BankTrainingApplicationTests]: BankTrainingApplicationTests does not declare any static, non-private, non-final, nested classes annotated with @Configuration.
11:22:12.454 [main] INFO org.springframework.boot.test.context.SpringBootTestContextBootstrapper -- Found @SpringBootConfiguration com.example.banktraining.BankTrainingApplication for test class com.example.banktraining.BankTrainingApplicationTests

  .   ____          _            __ _ _
 /\\ / ___'_ __ _ _(_)_ __  __ _ \ \ \ \
( ( )\___ | '_ | '_| | '_ \/ _` | \ \ \ \
 \\/  ___)| |_)| | | | | || (_| |  ) ) ) )
  '  |____| .__|_| |_|_| |_\__, | / / / /
 =========|_|==============|___/=/_/_/_/

 :: Spring Boot ::                (v3.4.3)

2025-04-02T11:22:13.152+03:00  INFO 2908 --- [BankTraining] [           main] c.e.b.BankTrainingApplicationTests       : Starting BankTrainingApplicationTests using Java 23.0.2 with PID 2908 (started by tieuphuong in /Users/tieuphuong/Downloads/BankTraining)
2025-04-02T11:22:13.154+03:00  INFO 2908 --- [BankTraining] [           main] c.e.b.BankTrainingApplicationTests       : No active profile set, falling back to 1 default profile: "default"
2025-04-02T11:22:13.785+03:00  INFO 2908 --- [BankTraining] [           main] .s.d.r.c.RepositoryConfigurationDelegate : Multiple Spring Data modules found, entering strict repository configuration mode
2025-04-02T11:22:13.787+03:00  INFO 2908 --- [BankTraining] [           main] .s.d.r.c.RepositoryConfigurationDelegate : Bootstrapping Spring Data JDBC repositories in DEFAULT mode.
2025-04-02T11:22:13.807+03:00  INFO 2908 --- [BankTraining] [           main] .s.d.r.c.RepositoryConfigurationDelegate : Finished Spring Data repository scanning in 13 ms. Found 0 JDBC repository interfaces.
2025-04-02T11:22:13.819+03:00  INFO 2908 --- [BankTraining] [           main] .s.d.r.c.RepositoryConfigurationDelegate : Multiple Spring Data modules found, entering strict repository configuration mode
2025-04-02T11:22:13.820+03:00  INFO 2908 --- [BankTraining] [           main] .s.d.r.c.RepositoryConfigurationDelegate : Bootstrapping Spring Data JPA repositories in DEFAULT mode.
2025-04-02T11:22:13.828+03:00  INFO 2908 --- [BankTraining] [           main] .s.d.r.c.RepositoryConfigurationDelegate : Finished Spring Data repository scanning in 1 ms. Found 0 JPA repository interfaces.
2025-04-02T11:22:14.126+03:00  INFO 2908 --- [BankTraining] [           main] com.zaxxer.hikari.HikariDataSource       : HikariPool-1 - Starting...
2025-04-02T11:22:14.370+03:00  INFO 2908 --- [BankTraining] [           main] com.zaxxer.hikari.pool.HikariPool        : HikariPool-1 - Added connection conn0: url=jdbc:h2:file:./data/testdb user=NAME
2025-04-02T11:22:14.373+03:00  INFO 2908 --- [BankTraining] [           main] com.zaxxer.hikari.HikariDataSource       : HikariPool-1 - Start completed.
2025-04-02T11:22:14.485+03:00  INFO 2908 --- [BankTraining] [           main] o.hibernate.jpa.internal.util.LogHelper  : HHH000204: Processing PersistenceUnitInfo [name: default]
2025-04-02T11:22:14.553+03:00  INFO 2908 --- [BankTraining] [           main] org.hibernate.Version                    : HHH000412: Hibernate ORM core version 6.6.8.Final
2025-04-02T11:22:14.590+03:00  INFO 2908 --- [BankTraining] [           main] o.h.c.internal.RegionFactoryInitiator    : HHH000026: Second-level cache disabled
2025-04-02T11:22:14.907+03:00  INFO 2908 --- [BankTraining] [           main] o.s.o.j.p.SpringPersistenceUnitInfo      : No LoadTimeWeaver setup: ignoring JPA class transformer
2025-04-02T11:22:14.991+03:00  INFO 2908 --- [BankTraining] [           main] org.hibernate.orm.connections.pooling    : HHH10001005: Database info:
	Database JDBC URL [Connecting through datasource 'HikariDataSource (HikariPool-1)']
	Database driver: undefined/unknown
	Database version: 2.3.232
	Autocommit mode: undefined/unknown
	Isolation level: undefined/unknown
	Minimum pool size: undefined/unknown
	Maximum pool size: undefined/unknown
2025-04-02T11:22:15.330+03:00  INFO 2908 --- [BankTraining] [           main] o.h.e.t.j.p.i.JtaPlatformInitiator       : HHH000489: No JTA platform available (set 'hibernate.transaction.jta.platform' to enable JTA platform integration)
2025-04-02T11:22:15.335+03:00  INFO 2908 --- [BankTraining] [           main] j.LocalContainerEntityManagerFactoryBean : Initialized JPA EntityManagerFactory for persistence unit 'default'
2025-04-02T11:22:15.508+03:00  WARN 2908 --- [BankTraining] [           main] JpaBaseConfiguration$JpaWebConfiguration : spring.jpa.open-in-view is enabled by default. Therefore, database queries may be performed during view rendering. Explicitly configure spring.jpa.open-in-view to disable this warning
2025-04-02T11:22:16.002+03:00  INFO 2908 --- [BankTraining] [           main] c.e.b.BankTrainingApplicationTests       : Started BankTrainingApplicationTests in 3.215 seconds (process running for 5.443)
]]></system-out>
    <system-err><![CDATA[Mockito is currently self-attaching to enable the inline-mock-maker. This will no longer work in future releases of the JDK. Please add Mockito as an agent to your build what is described in Mockito's documentation: https://javadoc.io/doc/org.mockito/mockito-core/latest/org/mockito/Mockito.html#0.3
WARNING: A Java agent has been loaded dynamically (/Users/tieuphuong/.m2/repository/net/bytebuddy/byte-buddy-agent/1.15.11/byte-buddy-agent-1.15.11.jar)
WARNING: If a serviceability tool is in use, please run with -XX:+EnableDynamicAgentLoading to hide this warning
WARNING: If a serviceability tool is not in use, please run with -Djdk.instrument.traceUsage for more information
WARNING: Dynamic loading of agents will be disallowed by default in a future release
]]></system-err>
  </testcase>
</testsuite>